# JRE version: Java(TM) SE Runtime Environment (8.0_101-b13) (build 1.8.0_101-b13)
# Java VM: Java HotSpot(TM) 64-Bit Server VM (25.101-b13 mixed mode windows-amd64 compressed oops)
Heap:
 PSYoungGen      total 24576K, used 12337K [0x00000000d5d80000, 0x00000000d7b00000, 0x0000000100000000)
  eden space 24064K, 49% used [0x00000000d5d80000,0x00000000d693c538,0x00000000d7500000)
  from space 512K, 62% used [0x00000000d7a00000,0x00000000d7a50000,0x00000000d7a80000)
  to   space 512K, 0% used [0x00000000d7a80000,0x00000000d7a80000,0x00000000d7b00000)
 ParOldGen       total 87552K, used 22710K [0x0000000081800000, 0x0000000086d80000, 0x00000000d5d80000)
  object space 87552K, 25% used [0x0000000081800000,0x0000000082e2d9e0,0x0000000086d80000)
 Metaspace       used 11085K, capacity 11295K, committed 11392K, reserved 1058816K
  class space    used 1073K, capacity 1142K, committed 1152K, reserved 1048576K
GC Heap History (10 events):
Event: 480.961 GC heap before
{Heap before GC invocations=114 (full 1):
 PSYoungGen      total 24576K, used 24416K [0x00000000d5d80000, 0x00000000d7b00000, 0x0000000100000000)
  eden space 24064K, 100% used [0x00000000d5d80000,0x00000000d7500000,0x00000000d7500000)
  from space 512K, 68% used [0x00000000d7a80000,0x00000000d7ad8000,0x00000000d7b00000)
  to   space 512K, 0% used [0x00000000d7a00000,0x00000000d7a00000,0x00000000d7a80000)
 ParOldGen       total 87552K, used 21918K [0x0000000081800000, 0x0000000086d80000, 0x00000000d5d80000)
  object space 87552K, 25% used [0x0000000081800000,0x0000000082d679e0,0x0000000086d80000)
 Metaspace       used 11085K, capacity 11295K, committed 11392K, reserved 1058816K
  class space    used 1073K, capacity 1142K, committed 1152K, reserved 1048576K
Event: 480.964 GC heap after
Heap after GC invocations=114 (full 1):
 PSYoungGen      total 24576K, used 320K [0x00000000d5d80000, 0x00000000d7b00000, 0x0000000100000000)
  eden space 24064K, 0% used [0x00000000d5d80000,0x00000000d5d80000,0x00000000d7500000)
  from space 512K, 62% used [0x00000000d7a00000,0x00000000d7a50000,0x00000000d7a80000)
  to   space 512K, 0% used [0x00000000d7a80000,0x00000000d7a80000,0x00000000d7b00000)
 ParOldGen       total 87552K, used 22078K [0x0000000081800000, 0x0000000086d80000, 0x00000000d5d80000)
  object space 87552K, 25% used [0x0000000081800000,0x0000000082d8f9e0,0x0000000086d80000)
 Metaspace       used 11085K, capacity 11295K, committed 11392K, reserved 1058816K
  class space    used 1073K, capacity 1142K, committed 1152K, reserved 1048576K
}
Event: 482.676 GC heap before
{Heap before GC invocations=115 (full 1):
 PSYoungGen      total 24576K, used 24384K [0x00000000d5d80000, 0x00000000d7b00000, 0x0000000100000000)
  eden space 24064K, 100% used [0x00000000d5d80000,0x00000000d7500000,0x00000000d7500000)
  from space 512K, 62% used [0x00000000d7a00000,0x00000000d7a50000,0x00000000d7a80000)
  to   space 512K, 0% used [0x00000000d7a80000,0x00000000d7a80000,0x00000000d7b00000)
 ParOldGen       total 87552K, used 22078K [0x0000000081800000, 0x0000000086d80000, 0x00000000d5d80000)
  object space 87552K, 25% used [0x0000000081800000,0x0000000082d8f9e0,0x0000000086d80000)
 Metaspace       used 11085K, capacity 11295K, committed 11392K, reserved 1058816K
  class space    used 1073K, capacity 1142K, committed 1152K, reserved 1048576K
Event: 482.677 GC heap after
Heap after GC invocations=115 (full 1):
 PSYoungGen      total 24576K, used 320K [0x00000000d5d80000, 0x00000000d7b00000, 0x0000000100000000)
  eden space 24064K, 0% used [0x00000000d5d80000,0x00000000d5d80000,0x00000000d7500000)
  from space 512K, 62% used [0x00000000d7a80000,0x00000000d7ad0000,0x00000000d7b00000)
  to   space 512K, 0% used [0x00000000d7a00000,0x00000000d7a00000,0x00000000d7a80000)
 ParOldGen       total 87552K, used 22238K [0x0000000081800000, 0x0000000086d80000, 0x00000000d5d80000)
  object space 87552K, 25% used [0x0000000081800000,0x0000000082db79e0,0x0000000086d80000)
 Metaspace       used 11085K, capacity 11295K, committed 11392K, reserved 1058816K
  class space    used 1073K, capacity 1142K, committed 1152K, reserved 1048576K
}
Event: 484.216 GC heap before
{Heap before GC invocations=116 (full 1):
 PSYoungGen      total 24576K, used 24384K [0x00000000d5d80000, 0x00000000d7b00000, 0x0000000100000000)
  eden space 24064K, 100% used [0x00000000d5d80000,0x00000000d7500000,0x00000000d7500000)
  from space 512K, 62% used [0x00000000d7a80000,0x00000000d7ad0000,0x00000000d7b00000)
  to   space 512K, 0% used [0x00000000d7a00000,0x00000000d7a00000,0x00000000d7a80000)
 ParOldGen       total 87552K, used 22238K [0x0000000081800000, 0x0000000086d80000, 0x00000000d5d80000)
  object space 87552K, 25% used [0x0000000081800000,0x0000000082db79e0,0x0000000086d80000)
 Metaspace       used 11085K, capacity 11295K, committed 11392K, reserved 1058816K
  class space    used 1073K, capacity 1142K, committed 1152K, reserved 1048576K
Event: 484.219 GC heap after
Heap after GC invocations=116 (full 1):
 PSYoungGen      total 24576K, used 256K [0x00000000d5d80000, 0x00000000d7b00000, 0x0000000100000000)
  eden space 24064K, 0% used [0x00000000d5d80000,0x00000000d5d80000,0x00000000d7500000)
  from space 512K, 50% used [0x00000000d7a00000,0x00000000d7a40000,0x00000000d7a80000)
  to   space 512K, 0% used [0x00000000d7a80000,0x00000000d7a80000,0x00000000d7b00000)
 ParOldGen       total 87552K, used 22398K [0x0000000081800000, 0x0000000086d80000, 0x00000000d5d80000)
  object space 87552K, 25% used [0x0000000081800000,0x0000000082ddf9e0,0x0000000086d80000)
 Metaspace       used 11085K, capacity 11295K, committed 11392K, reserved 1058816K
  class space    used 1073K, capacity 1142K, committed 1152K, reserved 1048576K
}
Event: 486.235 GC heap before
{Heap before GC invocations=117 (full 1):
 PSYoungGen      total 24576K, used 24320K [0x00000000d5d80000, 0x00000000d7b00000, 0x0000000100000000)
  eden space 24064K, 100% used [0x00000000d5d80000,0x00000000d7500000,0x00000000d7500000)
  from space 512K, 50% used [0x00000000d7a00000,0x00000000d7a40000,0x00000000d7a80000)
  to   space 512K, 0% used [0x00000000d7a80000,0x00000000d7a80000,0x00000000d7b00000)
 ParOldGen       total 87552K, used 22398K [0x0000000081800000, 0x0000000086d80000, 0x00000000d5d80000)
  object space 87552K, 25% used [0x0000000081800000,0x0000000082ddf9e0,0x0000000086d80000)
 Metaspace       used 11085K, capacity 11295K, committed 11392K, reserved 1058816K
  class space    used 1073K, capacity 1142K, committed 1152K, reserved 1048576K
Event: 486.238 GC heap after
Heap after GC invocations=117 (full 1):
 PSYoungGen      total 24576K, used 288K [0x00000000d5d80000, 0x00000000d7b00000, 0x0000000100000000)
  eden space 24064K, 0% used [0x00000000d5d80000,0x00000000d5d80000,0x00000000d7500000)
  from space 512K, 56% used [0x00000000d7a80000,0x00000000d7ac8000,0x00000000d7b00000)
  to   space 512K, 0% used [0x00000000d7a00000,0x00000000d7a00000,0x00000000d7a80000)
 ParOldGen       total 87552K, used 22550K [0x0000000081800000, 0x0000000086d80000, 0x00000000d5d80000)
  object space 87552K, 25% used [0x0000000081800000,0x0000000082e059e0,0x0000000086d80000)
 Metaspace       used 11085K, capacity 11295K, committed 11392K, reserved 1058816K
  class space    used 1073K, capacity 1142K, committed 1152K, reserved 1048576K
}
Event: 534.992 GC heap before
{Heap before GC invocations=118 (full 1):
 PSYoungGen      total 24576K, used 24351K [0x00000000d5d80000, 0x00000000d7b00000, 0x0000000100000000)
  eden space 24064K, 99% used [0x00000000d5d80000,0x00000000d74fffb0,0x00000000d7500000)
  from space 512K, 56% used [0x00000000d7a80000,0x00000000d7ac8000,0x00000000d7b00000)
  to   space 512K, 0% used [0x00000000d7a00000,0x00000000d7a00000,0x00000000d7a80000)
 ParOldGen       total 87552K, used 22550K [0x0000000081800000, 0x0000000086d80000, 0x00000000d5d80000)
  object space 87552K, 25% used [0x0000000081800000,0x0000000082e059e0,0x0000000086d80000)
 Metaspace       used 11085K, capacity 11295K, committed 11392K, reserved 1058816K
  class space    used 1073K, capacity 1142K, committed 1152K, reserved 1048576K
Event: 534.994 GC heap after
Heap after GC invocations=118 (full 1):
 PSYoungGen      total 24576K, used 320K [0x00000000d5d80000, 0x00000000d7b00000, 0x0000000100000000)
  eden space 24064K, 0% used [0x00000000d5d80000,0x00000000d5d80000,0x00000000d7500000)
  from space 512K, 62% used [0x00000000d7a00000,0x00000000d7a50000,0x00000000d7a80000)
  to   space 512K, 0% used [0x00000000d7a80000,0x00000000d7a80000,0x00000000d7b00000)
 ParOldGen       total 87552K, used 22710K [0x0000000081800000, 0x0000000086d80000, 0x00000000d5d80000)
  object space 87552K, 25% used [0x0000000081800000,0x0000000082e2d9e0,0x0000000086d80000)
 Metaspace       used 11085K, capacity 11295K, committed 11392K, reserved 1058816K
  class space    used 1073K, capacity 1142K, committed 1152K, reserved 1048576K
}

